=== TRANSCRIPTION WARNING : MIDI-Unprocessed_11_R1_2009_06-09_ORIG_MID--AUDIO_11_R1_2009_11_R1_2009_07_WAV ===
/scratch/gilbreth/li5042/transkun/vip-aim-confirming-transkun-metrics/.venv/lib/python3.12/site-packages/transkun/transcribe.py:22: UserWarning: pkg_resources is deprecated as an API. See https://setuptools.pypa.io/en/latest/pkg_resources.html. The pkg_resources package is slated for removal as early as 2025-11-30. Refrain from using this package or pin to Setuptools<81.
  import pkg_resources
/scratch/gilbreth/li5042/transkun/vip-aim-confirming-transkun-metrics/.venv/lib/python3.12/site-packages/torch/_dynamo/eval_frame.py:1263: UserWarning: torch.utils.checkpoint: the use_reentrant parameter should be passed explicitly. Starting in PyTorch 2.9, calling checkpoint without use_reentrant will raise an exception. use_reentrant=False is recommended, but if you need to preserve the current default behavior, you can pass use_reentrant=True. Refer to docs for more details on the differences between the two variants.
  return fn(*args, **kwargs)
/scratch/gilbreth/li5042/transkun/vip-aim-confirming-transkun-metrics/.venv/lib/python3.12/site-packages/torch/utils/checkpoint.py:232: UserWarning: None of the inputs have requires_grad=True. Gradients will be None
  check_backward_validity(args)

=== TRANSCRIPTION WARNING : MIDI-Unprocessed_02_R1_2009_03-06_ORIG_MID--AUDIO_02_R1_2009_02_R1_2009_04_WAV ===
/scratch/gilbreth/li5042/transkun/vip-aim-confirming-transkun-metrics/.venv/lib/python3.12/site-packages/transkun/transcribe.py:22: UserWarning: pkg_resources is deprecated as an API. See https://setuptools.pypa.io/en/latest/pkg_resources.html. The pkg_resources package is slated for removal as early as 2025-11-30. Refrain from using this package or pin to Setuptools<81.
  import pkg_resources
/scratch/gilbreth/li5042/transkun/vip-aim-confirming-transkun-metrics/.venv/lib/python3.12/site-packages/torch/_dynamo/eval_frame.py:1263: UserWarning: torch.utils.checkpoint: the use_reentrant parameter should be passed explicitly. Starting in PyTorch 2.9, calling checkpoint without use_reentrant will raise an exception. use_reentrant=False is recommended, but if you need to preserve the current default behavior, you can pass use_reentrant=True. Refer to docs for more details on the differences between the two variants.
  return fn(*args, **kwargs)
/scratch/gilbreth/li5042/transkun/vip-aim-confirming-transkun-metrics/.venv/lib/python3.12/site-packages/torch/utils/checkpoint.py:232: UserWarning: None of the inputs have requires_grad=True. Gradients will be None
  check_backward_validity(args)

=== TRANSCRIPTION WARNING : MIDI-Unprocessed_01_R1_2006_01-09_ORIG_MID--AUDIO_01_R1_2006_04_Track04_wav ===
/scratch/gilbreth/li5042/transkun/vip-aim-confirming-transkun-metrics/.venv/lib/python3.12/site-packages/transkun/transcribe.py:22: UserWarning: pkg_resources is deprecated as an API. See https://setuptools.pypa.io/en/latest/pkg_resources.html. The pkg_resources package is slated for removal as early as 2025-11-30. Refrain from using this package or pin to Setuptools<81.
  import pkg_resources
/scratch/gilbreth/li5042/transkun/vip-aim-confirming-transkun-metrics/.venv/lib/python3.12/site-packages/torch/_dynamo/eval_frame.py:1263: UserWarning: torch.utils.checkpoint: the use_reentrant parameter should be passed explicitly. Starting in PyTorch 2.9, calling checkpoint without use_reentrant will raise an exception. use_reentrant=False is recommended, but if you need to preserve the current default behavior, you can pass use_reentrant=True. Refer to docs for more details on the differences between the two variants.
  return fn(*args, **kwargs)
/scratch/gilbreth/li5042/transkun/vip-aim-confirming-transkun-metrics/.venv/lib/python3.12/site-packages/torch/utils/checkpoint.py:232: UserWarning: None of the inputs have requires_grad=True. Gradients will be None
  check_backward_validity(args)

=== TRANSCRIPTION WARNING : MIDI-Unprocessed_24_R1_2006_01-05_ORIG_MID--AUDIO_24_R1_2006_03_Track03_wav ===
/scratch/gilbreth/li5042/transkun/vip-aim-confirming-transkun-metrics/.venv/lib/python3.12/site-packages/transkun/transcribe.py:22: UserWarning: pkg_resources is deprecated as an API. See https://setuptools.pypa.io/en/latest/pkg_resources.html. The pkg_resources package is slated for removal as early as 2025-11-30. Refrain from using this package or pin to Setuptools<81.
  import pkg_resources
/scratch/gilbreth/li5042/transkun/vip-aim-confirming-transkun-metrics/.venv/lib/python3.12/site-packages/torch/_dynamo/eval_frame.py:1263: UserWarning: torch.utils.checkpoint: the use_reentrant parameter should be passed explicitly. Starting in PyTorch 2.9, calling checkpoint without use_reentrant will raise an exception. use_reentrant=False is recommended, but if you need to preserve the current default behavior, you can pass use_reentrant=True. Refer to docs for more details on the differences between the two variants.
  return fn(*args, **kwargs)
/scratch/gilbreth/li5042/transkun/vip-aim-confirming-transkun-metrics/.venv/lib/python3.12/site-packages/torch/utils/checkpoint.py:232: UserWarning: None of the inputs have requires_grad=True. Gradients will be None
  check_backward_validity(args)

=== TRANSCRIPTION WARNING : MIDI-Unprocessed_11_R1_2009_06-09_ORIG_MID--AUDIO_11_R1_2009_11_R1_2009_08_WAV ===
/scratch/gilbreth/li5042/transkun/vip-aim-confirming-transkun-metrics/.venv/lib/python3.12/site-packages/transkun/transcribe.py:22: UserWarning: pkg_resources is deprecated as an API. See https://setuptools.pypa.io/en/latest/pkg_resources.html. The pkg_resources package is slated for removal as early as 2025-11-30. Refrain from using this package or pin to Setuptools<81.
  import pkg_resources
/scratch/gilbreth/li5042/transkun/vip-aim-confirming-transkun-metrics/.venv/lib/python3.12/site-packages/torch/_dynamo/eval_frame.py:1263: UserWarning: torch.utils.checkpoint: the use_reentrant parameter should be passed explicitly. Starting in PyTorch 2.9, calling checkpoint without use_reentrant will raise an exception. use_reentrant=False is recommended, but if you need to preserve the current default behavior, you can pass use_reentrant=True. Refer to docs for more details on the differences between the two variants.
  return fn(*args, **kwargs)
/scratch/gilbreth/li5042/transkun/vip-aim-confirming-transkun-metrics/.venv/lib/python3.12/site-packages/torch/utils/checkpoint.py:232: UserWarning: None of the inputs have requires_grad=True. Gradients will be None
  check_backward_validity(args)

