[2026-03-23 20:22:03] Initializing environment setup for project: /scratch/gilbreth/li5042/transkun/vip-aim-confirming-transkun-metrics
[2026-03-23 20:22:03] Sandboxed environment. Caches routed to: /scratch/gilbreth/li5042
[2026-03-23 20:22:08] Rebuild requested. Removing existing environment at /scratch/gilbreth/li5042/transkun/vip-aim-confirming-transkun-metrics/.venv...
2 channel Terms of Service accepted

DirectoryNotACondaEnvironmentError: The target directory exists, but it is not a conda environment.
Use 'conda create' to convert the directory to a conda environment.
  target directory: /scratch/gilbreth/li5042/transkun/vip-aim-confirming-transkun-metrics/.venv


[2026-03-23 20:22:09] Syncing Conda environment (Attempt 1/3)...
/apps/external/anaconda/2025.06/lib/python3.13/argparse.py:1258: FutureWarning: `remote_definition` is deprecated and will be removed in 25.9. Use `conda env create --file=URL` instead.
  subnamespace, arg_strings = subparser.parse_known_args(arg_strings, None)
2 channel Terms of Service accepted
Channels:
 - defaults
 - conda-forge
Platform: linux-64
Collecting package metadata (repodata.json): ...working... done
Solving environment: ...working... done
Preparing transaction: ...working... done
Verifying transaction: ...working... done
Executing transaction: ...working... done
Installing pip dependencies: ...working... done
[2026-03-23 20:28:09] Installing Pip dependencies from requirements.txt...
Requirement already satisfied: ncls in ./.venv/lib/python3.12/site-packages (from -r /scratch/gilbreth/li5042/transkun/vip-aim-confirming-transkun-metrics/requirements.txt (line 1)) (0.0.70)
Requirement already satisfied: pretty_midi in ./.venv/lib/python3.12/site-packages (from -r /scratch/gilbreth/li5042/transkun/vip-aim-confirming-transkun-metrics/requirements.txt (line 2)) (0.2.11)
Requirement already satisfied: scipy in ./.venv/lib/python3.12/site-packages (from -r /scratch/gilbreth/li5042/transkun/vip-aim-confirming-transkun-metrics/requirements.txt (line 3)) (1.17.1)
Requirement already satisfied: torchaudio in ./.venv/lib/python3.12/site-packages (from -r /scratch/gilbreth/li5042/transkun/vip-aim-confirming-transkun-metrics/requirements.txt (line 4)) (2.11.0)
Requirement already satisfied: torch in ./.venv/lib/python3.12/site-packages (from -r /scratch/gilbreth/li5042/transkun/vip-aim-confirming-transkun-metrics/requirements.txt (line 5)) (2.11.0)
Requirement already satisfied: mir_eval in ./.venv/lib/python3.12/site-packages (from -r /scratch/gilbreth/li5042/transkun/vip-aim-confirming-transkun-metrics/requirements.txt (line 6)) (0.8.2)
Requirement already satisfied: pydub in ./.venv/lib/python3.12/site-packages (from -r /scratch/gilbreth/li5042/transkun/vip-aim-confirming-transkun-metrics/requirements.txt (line 7)) (0.25.1)
Requirement already satisfied: seaborn in ./.venv/lib/python3.12/site-packages (from -r /scratch/gilbreth/li5042/transkun/vip-aim-confirming-transkun-metrics/requirements.txt (line 8)) (0.13.2)
Requirement already satisfied: matplotlib in ./.venv/lib/python3.12/site-packages (from -r /scratch/gilbreth/li5042/transkun/vip-aim-confirming-transkun-metrics/requirements.txt (line 9)) (3.10.8)
Requirement already satisfied: tensorboard in ./.venv/lib/python3.12/site-packages (from -r /scratch/gilbreth/li5042/transkun/vip-aim-confirming-transkun-metrics/requirements.txt (line 10)) (2.20.0)
Requirement already satisfied: tqdm in ./.venv/lib/python3.12/site-packages (from -r /scratch/gilbreth/li5042/transkun/vip-aim-confirming-transkun-metrics/requirements.txt (line 11)) (4.67.3)
Requirement already satisfied: torch_optimizer in ./.venv/lib/python3.12/site-packages (from -r /scratch/gilbreth/li5042/transkun/vip-aim-confirming-transkun-metrics/requirements.txt (line 12)) (0.3.0)
Requirement already satisfied: sox in ./.venv/lib/python3.12/site-packages (from -r /scratch/gilbreth/li5042/transkun/vip-aim-confirming-transkun-metrics/requirements.txt (line 13)) (1.5.0)
Requirement already satisfied: soxr in ./.venv/lib/python3.12/site-packages (from -r /scratch/gilbreth/li5042/transkun/vip-aim-confirming-transkun-metrics/requirements.txt (line 14)) (1.0.0)
Requirement already satisfied: moduleconf in ./.venv/lib/python3.12/site-packages (from -r /scratch/gilbreth/li5042/transkun/vip-aim-confirming-transkun-metrics/requirements.txt (line 15)) (0.1.4)
Requirement already satisfied: numpy in ./.venv/lib/python3.12/site-packages (from ncls->-r /scratch/gilbreth/li5042/transkun/vip-aim-confirming-transkun-metrics/requirements.txt (line 1)) (2.1.3)
Requirement already satisfied: mido>=1.1.16 in ./.venv/lib/python3.12/site-packages (from pretty_midi->-r /scratch/gilbreth/li5042/transkun/vip-aim-confirming-transkun-metrics/requirements.txt (line 2)) (1.3.3)
Requirement already satisfied: six in ./.venv/lib/python3.12/site-packages (from pretty_midi->-r /scratch/gilbreth/li5042/transkun/vip-aim-confirming-transkun-metrics/requirements.txt (line 2)) (1.17.0)
Requirement already satisfied: importlib_resources in ./.venv/lib/python3.12/site-packages (from pretty_midi->-r /scratch/gilbreth/li5042/transkun/vip-aim-confirming-transkun-metrics/requirements.txt (line 2)) (6.5.2)
Requirement already satisfied: filelock in ./.venv/lib/python3.12/site-packages (from torch->-r /scratch/gilbreth/li5042/transkun/vip-aim-confirming-transkun-metrics/requirements.txt (line 5)) (3.25.2)
Requirement already satisfied: typing-extensions>=4.10.0 in ./.venv/lib/python3.12/site-packages (from torch->-r /scratch/gilbreth/li5042/transkun/vip-aim-confirming-transkun-metrics/requirements.txt (line 5)) (4.15.0)
Requirement already satisfied: setuptools<82 in ./.venv/lib/python3.12/site-packages (from torch->-r /scratch/gilbreth/li5042/transkun/vip-aim-confirming-transkun-metrics/requirements.txt (line 5)) (80.10.2)
Requirement already satisfied: sympy>=1.13.3 in ./.venv/lib/python3.12/site-packages (from torch->-r /scratch/gilbreth/li5042/transkun/vip-aim-confirming-transkun-metrics/requirements.txt (line 5)) (1.14.0)
Requirement already satisfied: networkx>=2.5.1 in ./.venv/lib/python3.12/site-packages (from torch->-r /scratch/gilbreth/li5042/transkun/vip-aim-confirming-transkun-metrics/requirements.txt (line 5)) (3.6.1)
Requirement already satisfied: jinja2 in ./.venv/lib/python3.12/site-packages (from torch->-r /scratch/gilbreth/li5042/transkun/vip-aim-confirming-transkun-metrics/requirements.txt (line 5)) (3.1.6)
Requirement already satisfied: fsspec>=0.8.5 in ./.venv/lib/python3.12/site-packages (from torch->-r /scratch/gilbreth/li5042/transkun/vip-aim-confirming-transkun-metrics/requirements.txt (line 5)) (2026.2.0)
Requirement already satisfied: cuda-toolkit==13.0.2 in ./.venv/lib/python3.12/site-packages (from cuda-toolkit[cublas,cudart,cufft,cufile,cupti,curand,cusolver,cusparse,nvjitlink,nvrtc,nvtx]==13.0.2; platform_system == "Linux"->torch->-r /scratch/gilbreth/li5042/transkun/vip-aim-confirming-transkun-metrics/requirements.txt (line 5)) (13.0.2)
Requirement already satisfied: cuda-bindings<14,>=13.0.3 in ./.venv/lib/python3.12/site-packages (from torch->-r /scratch/gilbreth/li5042/transkun/vip-aim-confirming-transkun-metrics/requirements.txt (line 5)) (13.2.0)
Requirement already satisfied: nvidia-cudnn-cu13==9.19.0.56 in ./.venv/lib/python3.12/site-packages (from torch->-r /scratch/gilbreth/li5042/transkun/vip-aim-confirming-transkun-metrics/requirements.txt (line 5)) (9.19.0.56)
Requirement already satisfied: nvidia-cusparselt-cu13==0.8.0 in ./.venv/lib/python3.12/site-packages (from torch->-r /scratch/gilbreth/li5042/transkun/vip-aim-confirming-transkun-metrics/requirements.txt (line 5)) (0.8.0)
Requirement already satisfied: nvidia-nccl-cu13==2.28.9 in ./.venv/lib/python3.12/site-packages (from torch->-r /scratch/gilbreth/li5042/transkun/vip-aim-confirming-transkun-metrics/requirements.txt (line 5)) (2.28.9)
Requirement already satisfied: nvidia-nvshmem-cu13==3.4.5 in ./.venv/lib/python3.12/site-packages (from torch->-r /scratch/gilbreth/li5042/transkun/vip-aim-confirming-transkun-metrics/requirements.txt (line 5)) (3.4.5)
Requirement already satisfied: triton==3.6.0 in ./.venv/lib/python3.12/site-packages (from torch->-r /scratch/gilbreth/li5042/transkun/vip-aim-confirming-transkun-metrics/requirements.txt (line 5)) (3.6.0)
Requirement already satisfied: nvidia-cublas==13.1.0.3.* in ./.venv/lib/python3.12/site-packages (from cuda-toolkit[cublas,cudart,cufft,cufile,cupti,curand,cusolver,cusparse,nvjitlink,nvrtc,nvtx]==13.0.2; platform_system == "Linux"->torch->-r /scratch/gilbreth/li5042/transkun/vip-aim-confirming-transkun-metrics/requirements.txt (line 5)) (13.1.0.3)
Requirement already satisfied: nvidia-cuda-runtime==13.0.96.* in ./.venv/lib/python3.12/site-packages (from cuda-toolkit[cublas,cudart,cufft,cufile,cupti,curand,cusolver,cusparse,nvjitlink,nvrtc,nvtx]==13.0.2; platform_system == "Linux"->torch->-r /scratch/gilbreth/li5042/transkun/vip-aim-confirming-transkun-metrics/requirements.txt (line 5)) (13.0.96)
Requirement already satisfied: nvidia-cufft==12.0.0.61.* in ./.venv/lib/python3.12/site-packages (from cuda-toolkit[cublas,cudart,cufft,cufile,cupti,curand,cusolver,cusparse,nvjitlink,nvrtc,nvtx]==13.0.2; platform_system == "Linux"->torch->-r /scratch/gilbreth/li5042/transkun/vip-aim-confirming-transkun-metrics/requirements.txt (line 5)) (12.0.0.61)
Requirement already satisfied: nvidia-cufile==1.15.1.6.* in ./.venv/lib/python3.12/site-packages (from cuda-toolkit[cublas,cudart,cufft,cufile,cupti,curand,cusolver,cusparse,nvjitlink,nvrtc,nvtx]==13.0.2; platform_system == "Linux"->torch->-r /scratch/gilbreth/li5042/transkun/vip-aim-confirming-transkun-metrics/requirements.txt (line 5)) (1.15.1.6)
Requirement already satisfied: nvidia-cuda-cupti==13.0.85.* in ./.venv/lib/python3.12/site-packages (from cuda-toolkit[cublas,cudart,cufft,cufile,cupti,curand,cusolver,cusparse,nvjitlink,nvrtc,nvtx]==13.0.2; platform_system == "Linux"->torch->-r /scratch/gilbreth/li5042/transkun/vip-aim-confirming-transkun-metrics/requirements.txt (line 5)) (13.0.85)
Requirement already satisfied: nvidia-curand==10.4.0.35.* in ./.venv/lib/python3.12/site-packages (from cuda-toolkit[cublas,cudart,cufft,cufile,cupti,curand,cusolver,cusparse,nvjitlink,nvrtc,nvtx]==13.0.2; platform_system == "Linux"->torch->-r /scratch/gilbreth/li5042/transkun/vip-aim-confirming-transkun-metrics/requirements.txt (line 5)) (10.4.0.35)
Requirement already satisfied: nvidia-cusolver==12.0.4.66.* in ./.venv/lib/python3.12/site-packages (from cuda-toolkit[cublas,cudart,cufft,cufile,cupti,curand,cusolver,cusparse,nvjitlink,nvrtc,nvtx]==13.0.2; platform_system == "Linux"->torch->-r /scratch/gilbreth/li5042/transkun/vip-aim-confirming-transkun-metrics/requirements.txt (line 5)) (12.0.4.66)
Requirement already satisfied: nvidia-cusparse==12.6.3.3.* in ./.venv/lib/python3.12/site-packages (from cuda-toolkit[cublas,cudart,cufft,cufile,cupti,curand,cusolver,cusparse,nvjitlink,nvrtc,nvtx]==13.0.2; platform_system == "Linux"->torch->-r /scratch/gilbreth/li5042/transkun/vip-aim-confirming-transkun-metrics/requirements.txt (line 5)) (12.6.3.3)
Requirement already satisfied: nvidia-nvjitlink==13.0.88.* in ./.venv/lib/python3.12/site-packages (from cuda-toolkit[cublas,cudart,cufft,cufile,cupti,curand,cusolver,cusparse,nvjitlink,nvrtc,nvtx]==13.0.2; platform_system == "Linux"->torch->-r /scratch/gilbreth/li5042/transkun/vip-aim-confirming-transkun-metrics/requirements.txt (line 5)) (13.0.88)
Requirement already satisfied: nvidia-cuda-nvrtc==13.0.88.* in ./.venv/lib/python3.12/site-packages (from cuda-toolkit[cublas,cudart,cufft,cufile,cupti,curand,cusolver,cusparse,nvjitlink,nvrtc,nvtx]==13.0.2; platform_system == "Linux"->torch->-r /scratch/gilbreth/li5042/transkun/vip-aim-confirming-transkun-metrics/requirements.txt (line 5)) (13.0.88)
Requirement already satisfied: nvidia-nvtx==13.0.85.* in ./.venv/lib/python3.12/site-packages (from cuda-toolkit[cublas,cudart,cufft,cufile,cupti,curand,cusolver,cusparse,nvjitlink,nvrtc,nvtx]==13.0.2; platform_system == "Linux"->torch->-r /scratch/gilbreth/li5042/transkun/vip-aim-confirming-transkun-metrics/requirements.txt (line 5)) (13.0.85)
Requirement already satisfied: cuda-pathfinder~=1.1 in ./.venv/lib/python3.12/site-packages (from cuda-bindings<14,>=13.0.3->torch->-r /scratch/gilbreth/li5042/transkun/vip-aim-confirming-transkun-metrics/requirements.txt (line 5)) (1.4.4)
Requirement already satisfied: decorator in ./.venv/lib/python3.12/site-packages (from mir_eval->-r /scratch/gilbreth/li5042/transkun/vip-aim-confirming-transkun-metrics/requirements.txt (line 6)) (5.2.1)
Requirement already satisfied: pandas>=1.2 in ./.venv/lib/python3.12/site-packages (from seaborn->-r /scratch/gilbreth/li5042/transkun/vip-aim-confirming-transkun-metrics/requirements.txt (line 8)) (3.0.1)
Requirement already satisfied: contourpy>=1.0.1 in ./.venv/lib/python3.12/site-packages (from matplotlib->-r /scratch/gilbreth/li5042/transkun/vip-aim-confirming-transkun-metrics/requirements.txt (line 9)) (1.3.3)
Requirement already satisfied: cycler>=0.10 in ./.venv/lib/python3.12/site-packages (from matplotlib->-r /scratch/gilbreth/li5042/transkun/vip-aim-confirming-transkun-metrics/requirements.txt (line 9)) (0.12.1)
Requirement already satisfied: fonttools>=4.22.0 in ./.venv/lib/python3.12/site-packages (from matplotlib->-r /scratch/gilbreth/li5042/transkun/vip-aim-confirming-transkun-metrics/requirements.txt (line 9)) (4.62.1)
Requirement already satisfied: kiwisolver>=1.3.1 in ./.venv/lib/python3.12/site-packages (from matplotlib->-r /scratch/gilbreth/li5042/transkun/vip-aim-confirming-transkun-metrics/requirements.txt (line 9)) (1.5.0)
Requirement already satisfied: packaging>=20.0 in ./.venv/lib/python3.12/site-packages (from matplotlib->-r /scratch/gilbreth/li5042/transkun/vip-aim-confirming-transkun-metrics/requirements.txt (line 9)) (25.0)
Requirement already satisfied: pillow>=8 in ./.venv/lib/python3.12/site-packages (from matplotlib->-r /scratch/gilbreth/li5042/transkun/vip-aim-confirming-transkun-metrics/requirements.txt (line 9)) (12.1.1)
Requirement already satisfied: pyparsing>=3 in ./.venv/lib/python3.12/site-packages (from matplotlib->-r /scratch/gilbreth/li5042/transkun/vip-aim-confirming-transkun-metrics/requirements.txt (line 9)) (3.3.2)
Requirement already satisfied: python-dateutil>=2.7 in ./.venv/lib/python3.12/site-packages (from matplotlib->-r /scratch/gilbreth/li5042/transkun/vip-aim-confirming-transkun-metrics/requirements.txt (line 9)) (2.9.0.post0)
Requirement already satisfied: absl-py>=0.4 in ./.venv/lib/python3.12/site-packages (from tensorboard->-r /scratch/gilbreth/li5042/transkun/vip-aim-confirming-transkun-metrics/requirements.txt (line 10)) (2.3.1)
Requirement already satisfied: grpcio>=1.48.2 in ./.venv/lib/python3.12/site-packages (from tensorboard->-r /scratch/gilbreth/li5042/transkun/vip-aim-confirming-transkun-metrics/requirements.txt (line 10)) (1.78.0)
Requirement already satisfied: markdown>=2.6.8 in ./.venv/lib/python3.12/site-packages (from tensorboard->-r /scratch/gilbreth/li5042/transkun/vip-aim-confirming-transkun-metrics/requirements.txt (line 10)) (3.10)
Requirement already satisfied: protobuf!=4.24.0,>=3.19.6 in ./.venv/lib/python3.12/site-packages (from tensorboard->-r /scratch/gilbreth/li5042/transkun/vip-aim-confirming-transkun-metrics/requirements.txt (line 10)) (6.33.5)
Requirement already satisfied: tensorboard-data-server<0.8.0,>=0.7.0 in ./.venv/lib/python3.12/site-packages (from tensorboard->-r /scratch/gilbreth/li5042/transkun/vip-aim-confirming-transkun-metrics/requirements.txt (line 10)) (0.7.0)
Requirement already satisfied: werkzeug>=1.0.1 in ./.venv/lib/python3.12/site-packages (from tensorboard->-r /scratch/gilbreth/li5042/transkun/vip-aim-confirming-transkun-metrics/requirements.txt (line 10)) (3.1.6)
Requirement already satisfied: pytorch-ranger>=0.1.1 in ./.venv/lib/python3.12/site-packages (from torch_optimizer->-r /scratch/gilbreth/li5042/transkun/vip-aim-confirming-transkun-metrics/requirements.txt (line 12)) (0.1.1)
Requirement already satisfied: mpmath<1.4,>=1.1.0 in ./.venv/lib/python3.12/site-packages (from sympy>=1.13.3->torch->-r /scratch/gilbreth/li5042/transkun/vip-aim-confirming-transkun-metrics/requirements.txt (line 5)) (1.3.0)
Requirement already satisfied: markupsafe>=2.1.1 in ./.venv/lib/python3.12/site-packages (from werkzeug>=1.0.1->tensorboard->-r /scratch/gilbreth/li5042/transkun/vip-aim-confirming-transkun-metrics/requirements.txt (line 10)) (3.0.2)
[2026-03-23 20:28:11] Validating environment framework bindings...
[2026-03-23 20:28:12] Hardware Validation: GPU detected on system via nvidia-smi.
[2026-03-23 20:28:25] Framework Validation: Python 3.12.13 | PyTorch 2.11.0+cu130 | CUDA Available: True
[2026-03-23 20:28:25] Environment setup completed successfully!
