========================================
[2026-03-10 21:03:02] Starting Job 
[2026-03-10 21:03:02] Rebuild flag detected. Forcing environment rebuild.
[2026-03-10 21:57:47] Initiating testing pipeline...
[2026-03-10 21:57:47] === Phase 1: Dataset Acquisition ===
[2026-03-10 21:57:47] === Phase 2: Light Evaluation Pipeline ===
Loaded MAESTRO test split. Running light evaluation on 5 files...

--- Processing [1/5]: MIDI-Unprocessed_11_R1_2009_06-09_ORIG_MID--AUDIO_11_R1_2009_11_R1_2009_07_WAV ---
  -> Transcribing audio to MIDI...
  -> Running transkunEval metrics...
  -> Running custom scoring.py metrics...
  -> Saving results to log...
--- Processing [2/5]: MIDI-Unprocessed_02_R1_2009_03-06_ORIG_MID--AUDIO_02_R1_2009_02_R1_2009_04_WAV ---
  -> Transcribing audio to MIDI...
  -> Running transkunEval metrics...
  -> Running custom scoring.py metrics...
  -> Saving results to log...
--- Processing [3/5]: MIDI-Unprocessed_01_R1_2006_01-09_ORIG_MID--AUDIO_01_R1_2006_04_Track04_wav ---
  -> Transcribing audio to MIDI...
  -> Running transkunEval metrics...
  -> Running custom scoring.py metrics...
  -> Saving results to log...
--- Processing [4/5]: MIDI-Unprocessed_24_R1_2006_01-05_ORIG_MID--AUDIO_24_R1_2006_03_Track03_wav ---
  -> Transcribing audio to MIDI...
  -> Running transkunEval metrics...
  -> Running custom scoring.py metrics...
  -> Saving results to log...
--- Processing [5/5]: MIDI-Unprocessed_11_R1_2009_06-09_ORIG_MID--AUDIO_11_R1_2009_11_R1_2009_08_WAV ---
  -> Transcribing audio to MIDI...
  -> Running transkunEval metrics...
  -> Running custom scoring.py metrics...
  -> Saving results to log...

Light batch evaluation complete! Full metrics saved to: /scratch/gilbreth/li5042/transkun/vip-aim-confirming-transkun-metrics/output/metrics_light.log
[2026-03-10 22:57:55] Testing pipeline completed successfully!
[2026-03-10 22:57:56] Job completed successfully.
